#
# There is insufficient memory for the Java Runtime Environment to continue.
# Native memory allocation (mmap) failed to map 130023424 bytes. Error detail: G1 virtual space
# Possible reasons:
#   The system is out of physical RAM or swap space
#   This process is running with CompressedOops enabled, and the Java Heap may be blocking the growth of the native heap
# Possible solutions:
#   Reduce memory load on the system
#   Increase physical memory or swap space
#   Check if swap backing store is full
#   Decrease Java heap size (-Xmx/-Xms)
#   Decrease number of Java threads
#   Decrease Java thread stack sizes (-Xss)
#   Set larger code cache with -XX:ReservedCodeCacheSize=
#   JVM is running with Unscaled Compressed Oops mode in which the Java heap is
#     placed in the first 4GB address space. The Java Heap base address is the
#     maximum limit for the native heap growth. Please use -XX:HeapBaseMinAddress
#     to set the Java Heap base and to place the Java Heap above 4GB virtual address.
# This output file may be truncated or incomplete.
#
#  Out of Memory Error (os_windows.cpp:3815), pid=13376, tid=8524
#
# JRE version:  (21.0.3+13) (build )
# Java VM: OpenJDK 64-Bit Server VM (21.0.3+13-b509.11, mixed mode, sharing, tiered, compressed oops, compressed class ptrs, g1 gc, windows-amd64)
# No core dump will be written. Minidumps are not enabled by default on client versions of Windows
#

---------------  S U M M A R Y ------------

Command Line: git4idea.http.GitAskPassApp Username for 'https://github.com': 

Host: 11th Gen Intel(R) Core(TM) i5-1135G7 @ 2.40GHz, 8 cores, 7G,  Windows 11 , 64 bit Build 26100 (10.0.26100.3037)
Time: Sat Feb 15 23:16:34 2025 Eastern Standard Time elapsed time: 1.110436 seconds (0d 0h 0m 1s)

---------------  T H R E A D  ---------------

Current thread (0x0000019d70ed41a0):  JavaThread "Unknown thread" [_thread_in_vm, id=8524, stack(0x0000006c8de00000,0x0000006c8df00000) (1024K)]

Stack: [0x0000006c8de00000,0x0000006c8df00000]
Native frames: (J=compiled Java code, j=interpreted, Vv=VM code, C=native code)
V  [jvm.dll+0x6e02f9]
V  [jvm.dll+0x8bd383]
V  [jvm.dll+0x8bf8de]
V  [jvm.dll+0x8bffc3]
V  [jvm.dll+0x2879c6]
V  [jvm.dll+0x6dcac5]
V  [jvm.dll+0x6d0f9a]
V  [jvm.dll+0x35f9bb]
V  [jvm.dll+0x367566]
V  [jvm.dll+0x3b8b56]
V  [jvm.dll+0x3b8e28]
V  [jvm.dll+0x33217c]
V  [jvm.dll+0x332e6b]
V  [jvm.dll+0x8845e9]
V  [jvm.dll+0x3c5f38]
V  [jvm.dll+0x86d80d]
V  [jvm.dll+0x45ab9e]
V  [jvm.dll+0x45c771]
C  [jli.dll+0x52ab]
C  [ucrtbase.dll+0x37b0]
C  [KERNEL32.DLL+0x2e8d7]
C  [ntdll.dll+0xbbf2c]


---------------  P R O C E S S  ---------------

Threads class SMR info:
_java_thread_list=0x00007ffaa778d108, length=0, elements={
}

Java Threads: ( => current thread )
Total: 0

Other Threads:
  0x0000019d7298dfd0 WorkerThread "GC Thread#0"                     [id=19324, stack(0x0000006c8df00000,0x0000006c8e000000) (1024K)]
  0x0000019d7299e770 ConcurrentGCThread "G1 Main Marker"            [id=5596, stack(0x0000006c8e000000,0x0000006c8e100000) (1024K)]
  0x0000019d7299f270 WorkerThread "G1 Conc#0"                       [id=10648, stack(0x0000006c8e100000,0x0000006c8e200000) (1024K)]

[error occurred during error reporting (printing all threads), id 0xc0000005, EXCEPTION_ACCESS_VIOLATION (0xc0000005) at pc=0x00007ffaa6e852d7]
VM state: not at safepoint (not fully initialized)

VM Mutex/Monitor currently owned by a thread:  ([mutex/lock_event])
[0x00007ffaa7801858] Heap_lock - owner thread: 0x0000019d70ed41a0

Heap address: 0x0000000084200000, size: 1982 MB, Compressed Oops mode: 32-bit

CDS archive(s) mapped at: [0x0000000000000000-0x0000000000000000-0x0000000000000000), size 0, SharedBaseAddress: 0x0000000800000000, ArchiveRelocationMode: 1.
Narrow klass base: 0x0000000000000000, Narrow klass shift: 0, Narrow klass range: 0x0

GC Precious Log:
 CardTable entry size: 512
 Card Set container configuration: InlinePtr #cards 5 size 8 Array Of Cards #cards 12 size 40 Howl #buckets 4 coarsen threshold 1843 Howl Bitmap #cards 512 size 80 coarsen threshold 460 Card regions per heap region 1 cards per card region 2048

Heap:
 garbage-first heap   total 0K, used 0K [0x0000000084200000, 0x0000000100000000)
  region size 1024K, 0 young (0K), 0 survivors (0K)
 Metaspace       used 0K, committed 0K, reserved 0K
  class space    used 0K, committed 0K, reserved 0K

Heap Regions: E=young(eden), S=young(survivor), O=old, HS=humongous(starts), HC=humongous(continues), CS=collection set, F=free, TAMS=top-at-mark-start, PB=parsable bottom

Card table byte_map: [0x0000019d77790000,0x0000019d77b70000] _byte_map_base: 0x0000019d7736f000

Marking Bits: (CMBitMap*) 0x0000019d7298e6d0
 Bits: [0x0000019d77b70000, 0x0000019d79a68000)

GC Heap History (0 events):
No events

Dll operation events (1 events):
Event: 0.024 Loaded shared library C:\Program Files\JetBrains\IntelliJ IDEA Community Edition 2024.2.1\jbr\bin\java.dll

Deoptimization events (0 events):
No events

Classes loaded (0 events):
No events

Classes unloaded (0 events):
No events

Classes redefined (0 events):
No events

Internal exceptions (0 events):
No events

ZGC Phase Switch (0 events):
No events

VM Operations (0 events):
No events

Events (0 events):
No events


Dynamic libraries:
0x00007ff7f7f80000 - 0x00007ff7f7f8a000 	C:\Program Files\JetBrains\IntelliJ IDEA Community Edition 2024.2.1\jbr\bin\java.exe
0x00007ffb162e0000 - 0x00007ffb16543000 	C:\WINDOWS\SYSTEM32\ntdll.dll
0x00007ffb14f70000 - 0x00007ffb15037000 	C:\WINDOWS\System32\KERNEL32.DLL
0x00007ffb13890000 - 0x00007ffb13c57000 	C:\WINDOWS\System32\KERNELBASE.dll
0x00007ffb13680000 - 0x00007ffb137cc000 	C:\WINDOWS\System32\ucrtbase.dll
0x00007ffad3930000 - 0x00007ffad3948000 	C:\Program Files\JetBrains\IntelliJ IDEA Community Edition 2024.2.1\jbr\bin\jli.dll
0x00007ffb152a0000 - 0x00007ffb15469000 	C:\WINDOWS\System32\USER32.dll
0x00007ffb137d0000 - 0x00007ffb137f7000 	C:\WINDOWS\System32\win32u.dll
0x00007ffb0f870000 - 0x00007ffb0f88b000 	C:\Program Files\JetBrains\IntelliJ IDEA Community Edition 2024.2.1\jbr\bin\VCRUNTIME140.dll
0x00007ffafd680000 - 0x00007ffafd910000 	C:\WINDOWS\WinSxS\amd64_microsoft.windows.common-controls_6595b64144ccf1df_6.0.26100.3037_none_3e09262ce333c378\COMCTL32.dll
0x00007ffb14560000 - 0x00007ffb1458a000 	C:\WINDOWS\System32\GDI32.dll
0x00007ffb14ba0000 - 0x00007ffb14c49000 	C:\WINDOWS\System32\msvcrt.dll
0x00007ffb13d20000 - 0x00007ffb13e4b000 	C:\WINDOWS\System32\gdi32full.dll
0x00007ffb14070000 - 0x00007ffb14113000 	C:\WINDOWS\System32\msvcp_win.dll
0x00007ffb16260000 - 0x00007ffb1628f000 	C:\WINDOWS\System32\IMM32.DLL
0x00007ffb0fe10000 - 0x00007ffb0fe1c000 	C:\Program Files\JetBrains\IntelliJ IDEA Community Edition 2024.2.1\jbr\bin\vcruntime140_1.dll
0x00007ffaa28a0000 - 0x00007ffaa292d000 	C:\Program Files\JetBrains\IntelliJ IDEA Community Edition 2024.2.1\jbr\bin\msvcp140.dll
0x00007ffaa6b40000 - 0x00007ffaa78f2000 	C:\Program Files\JetBrains\IntelliJ IDEA Community Edition 2024.2.1\jbr\bin\server\jvm.dll
0x00007ffb161a0000 - 0x00007ffb16254000 	C:\WINDOWS\System32\ADVAPI32.dll
0x00007ffb14120000 - 0x00007ffb141c6000 	C:\WINDOWS\System32\sechost.dll
0x00007ffb158b0000 - 0x00007ffb159c6000 	C:\WINDOWS\System32\RPCRT4.dll
0x00007ffb14a20000 - 0x00007ffb14a94000 	C:\WINDOWS\System32\WS2_32.dll
0x00007ffb0f220000 - 0x00007ffb0f22b000 	C:\WINDOWS\SYSTEM32\VERSION.dll
0x00007ffb12340000 - 0x00007ffb1238e000 	C:\WINDOWS\SYSTEM32\POWRPROF.dll
0x00007ffb0b980000 - 0x00007ffb0b9b6000 	C:\WINDOWS\SYSTEM32\WINMM.dll
0x00007ffb12320000 - 0x00007ffb12334000 	C:\WINDOWS\SYSTEM32\UMPDC.dll
0x00007ffb125c0000 - 0x00007ffb125da000 	C:\WINDOWS\SYSTEM32\kernel.appcore.dll
0x00007ffb0de30000 - 0x00007ffb0de3a000 	C:\Program Files\JetBrains\IntelliJ IDEA Community Edition 2024.2.1\jbr\bin\jimage.dll
0x00007ffb10fc0000 - 0x00007ffb11201000 	C:\WINDOWS\SYSTEM32\DBGHELP.DLL
0x00007ffb141d0000 - 0x00007ffb1454e000 	C:\WINDOWS\System32\combase.dll
0x00007ffb14e90000 - 0x00007ffb14f66000 	C:\WINDOWS\System32\OLEAUT32.dll
0x00007ffb04060000 - 0x00007ffb04099000 	C:\WINDOWS\SYSTEM32\dbgcore.DLL
0x00007ffb13fd0000 - 0x00007ffb14069000 	C:\WINDOWS\System32\bcryptPrimitives.dll
0x00007ffb0d940000 - 0x00007ffb0d95f000 	C:\Program Files\JetBrains\IntelliJ IDEA Community Edition 2024.2.1\jbr\bin\java.dll

dbghelp: loaded successfully - version: 4.0.5 - missing functions: none
symbol engine: initialized successfully - sym options: 0x614 - pdb path: .;C:\Program Files\JetBrains\IntelliJ IDEA Community Edition 2024.2.1\jbr\bin;C:\WINDOWS\SYSTEM32;C:\WINDOWS\WinSxS\amd64_microsoft.windows.common-controls_6595b64144ccf1df_6.0.26100.3037_none_3e09262ce333c378;C:\Program Files\JetBrains\IntelliJ IDEA Community Edition 2024.2.1\jbr\bin\server

VM Arguments:
java_command: git4idea.http.GitAskPassApp Username for 'https://github.com': 
java_class_path (initial): C:/Program Files/JetBrains/IntelliJ IDEA Community Edition 2024.2.1/plugins/vcs-git/lib/git4idea-rt.jar;C:/Program Files/JetBrains/IntelliJ IDEA Community Edition 2024.2.1/lib/externalProcess-rt.jar
Launcher Type: SUN_STANDARD

[Global flags]
     intx CICompilerCount                          = 4                                         {product} {ergonomic}
     uint ConcGCThreads                            = 2                                         {product} {ergonomic}
     uint G1ConcRefinementThreads                  = 8                                         {product} {ergonomic}
   size_t G1HeapRegionSize                         = 1048576                                   {product} {ergonomic}
    uintx GCDrainStackTargetSize                   = 64                                        {product} {ergonomic}
   size_t InitialHeapSize                          = 130023424                                 {product} {ergonomic}
   size_t MarkStackSize                            = 4194304                                   {product} {ergonomic}
   size_t MaxHeapSize                              = 2078277632                                {product} {ergonomic}
   size_t MinHeapDeltaBytes                        = 1048576                                   {product} {ergonomic}
   size_t MinHeapSize                              = 8388608                                   {product} {ergonomic}
    uintx NonNMethodCodeHeapSize                   = 5839372                                {pd product} {ergonomic}
    uintx NonProfiledCodeHeapSize                  = 122909434                              {pd product} {ergonomic}
    uintx ProfiledCodeHeapSize                     = 122909434                              {pd product} {ergonomic}
    uintx ReservedCodeCacheSize                    = 251658240                              {pd product} {ergonomic}
     bool SegmentedCodeCache                       = true                                      {product} {ergonomic}
   size_t SoftMaxHeapSize                          = 2078277632                             {manageable} {ergonomic}
     bool UseCompressedOops                        = true                           {product lp64_product} {ergonomic}
     bool UseG1GC                                  = true                                      {product} {ergonomic}
     bool UseLargePagesIndividualAllocation        = false                                  {pd product} {ergonomic}

Logging:
Log output configuration:
 #0: stdout all=warning uptime,level,tags foldmultilines=false
 #1: stderr all=off uptime,level,tags foldmultilines=false

Environment Variables:
JAVA_HOME=C:\Program Files\Java\jdk-22
PATH=C:\Program Files\Git\mingw64\libexec\git-core;C:\Program Files\Git\mingw64\libexec\git-core;C:\Program Files\Git\mingw64\bin;C:\Program Files\Git\usr\bin;C:\Users\User\bin;C:\Program Files\Common Files\Oracle\Java\javapath;C:\Program Files\Eclipse Adoptium\jdk-17.0.12.7-hotspot\bin;C:\Program Files\Eclipse Adoptium\jre-17.0.12.7-hotspot\bin;C:\Windows\system32;C:\Windows;C:\Windows\System32\Wbem;C:\Windows\System32\WindowsPowerShell\v1.0;C:\Windows\System32\OpenSSH;C:\Program Files (x86)\NVIDIA Corporation\PhysX\Common;C:\WINDOWS\system32;C:\WINDOWS;C:\WINDOWS\System32\Wbem;C:\WINDOWS\System32\WindowsPowerShell\v1.0;C:\WINDOWS\System32\OpenSSH;C:\Program Files\Eclipse Adoptium\jre-17.0.12.7-hotspot\bin\java.exe;%JAVA_HOME;C:\Program Files\Git\cmd;C:\Users\User\scoop\apps\nodejs\current\bin;C:\Users\User\scoop\apps\nodejs\current;C:\Users\User\scoop\shims;C:\Users\User\AppData\Local\Microsoft\WindowsApps;C:\Program Files\yt-dlp;C:\Program Files\Eclipse Adoptium\jdk-17.0.12.7-hotspot;C:\Users\User\AppData\Local\Microsoft\WindowsApps;C:\Users\User\AppData\Local\Programs\Microsoft VS Code\bin
USERNAME=User
DISPLAY=:0.0
LC_ALL=en_US.UTF-8
TERM=xterm-256color
TMPDIR=C:\Users\User\AppData\Local\Temp
OS=Windows_NT
PROCESSOR_IDENTIFIER=Intel64 Family 6 Model 140 Stepping 1, GenuineIntel
TMP=C:\Users\User\AppData\Local\Temp
TEMP=C:\Users\User\AppData\Local\Temp




Periodic native trim disabled

JNI global refs:
JNI global refs: 0, weak refs: 0

JNI global refs memory usage: 0, weak refs: 0

Process memory usage:
Resident Set Size: 12840K (0% of 8117028K total physical memory with 910788K free physical memory)

OOME stack traces (most recent first):
Classloader memory used:

---------------  S Y S T E M  ---------------

OS:
 Windows 11 , 64 bit Build 26100 (10.0.26100.3037)
OS uptime: 3 days 9:09 hours

CPU: total 8 (initial active 8) (4 cores per cpu, 2 threads per core) family 6 model 140 stepping 1 microcode 0xb8, cx8, cmov, fxsr, ht, mmx, 3dnowpref, sse, sse2, sse3, ssse3, sse4.1, sse4.2, popcnt, lzcnt, tsc, tscinvbit, avx, avx2, aes, erms, clmul, bmi1, bmi2, adx, avx512f, avx512dq, avx512cd, avx512bw, avx512vl, sha, fma, vzeroupper, avx512_vpopcntdq, avx512_vpclmulqdq, avx512_vaes, avx512_vnni, clflush, clflushopt, clwb, avx512_vbmi2, avx512_vbmi, rdtscp, rdpid, fsrm, gfni, avx512_bitalg, f16c, pku, cet_ibt, cet_ss, avx512_ifma
Processor Information for all 8 processors :
  Max Mhz: 2419, Current Mhz: 2419, Mhz Limit: 2419

Memory: 4k page, system-wide physical 7926M (889M free)
TotalPageFile size 12022M (AvailPageFile size 76M)
current process WorkingSet (physical memory assigned to process): 12M, peak: 12M
current process commit charge ("private bytes"): 60M, peak: 184M

vm_info: OpenJDK 64-Bit Server VM (21.0.3+13-b509.11) for windows-amd64 JRE (21.0.3+13-b509.11), built on 2024-08-12 by "builduser" with MS VC++ 16.10 / 16.11 (VS2019)

END.
