#
# There is insufficient memory for the Java Runtime Environment to continue.
# Native memory allocation (malloc) failed to allocate 1048576 bytes. Error detail: AllocateHeap
# Possible reasons:
#   The system is out of physical RAM or swap space
#   This process is running with CompressedOops enabled, and the Java Heap may be blocking the growth of the native heap
# Possible solutions:
#   Reduce memory load on the system
#   Increase physical memory or swap space
#   Check if swap backing store is full
#   Decrease Java heap size (-Xmx/-Xms)
#   Decrease number of Java threads
#   Decrease Java thread stack sizes (-Xss)
#   Set larger code cache with -XX:ReservedCodeCacheSize=
#   JVM is running with Unscaled Compressed Oops mode in which the Java heap is
#     placed in the first 4GB address space. The Java Heap base address is the
#     maximum limit for the native heap growth. Please use -XX:HeapBaseMinAddress
#     to set the Java Heap base and to place the Java Heap above 4GB virtual address.
# This output file may be truncated or incomplete.
#
#  Out of Memory Error (allocation.cpp:44), pid=3376, tid=19188
#
# JRE version:  (22.0.2+9) (build )
# Java VM: Java HotSpot(TM) 64-Bit Server VM (22.0.2+9-70, mixed mode, sharing, tiered, compressed oops, compressed class ptrs, g1 gc, windows-amd64)
# No core dump will be written. Minidumps are not enabled by default on client versions of Windows
#

---------------  S U M M A R Y ------------

Command Line: -javaagent:C:\Program Files\JetBrains\IntelliJ IDEA Community Edition 2024.2.1\lib\idea_rt.jar=54765:C:\Program Files\JetBrains\IntelliJ IDEA Community Edition 2024.2.1\bin -Dfile.encoding=UTF-8 -Dsun.stdout.encoding=UTF-8 -Dsun.stderr.encoding=UTF-8 WordGame

Host: 11th Gen Intel(R) Core(TM) i5-1135G7 @ 2.40GHz, 8 cores, 7G,  Windows 11 , 64 bit Build 22621 (10.0.22621.3958)
Time: Mon Nov  4 09:44:10 2024 Eastern Standard Time elapsed time: 0.115978 seconds (0d 0h 0m 0s)

---------------  T H R E A D  ---------------

Current thread (0x000002501d165490):  JavaThread "Unknown thread" [_thread_in_vm, id=19188, stack(0x000000e8c5300000,0x000000e8c5400000) (1024K)]

Stack: [0x000000e8c5300000,0x000000e8c5400000]
Native frames: (J=compiled Java code, j=interpreted, Vv=VM code, C=native code)
V  [jvm.dll+0x6e26e9]  (no source info available)
V  [jvm.dll+0x875753]  (no source info available)
V  [jvm.dll+0x877b7e]  (no source info available)
V  [jvm.dll+0x878253]  (no source info available)
V  [jvm.dll+0x27fc86]  (no source info available)
V  [jvm.dll+0xbe877]  (no source info available)
V  [jvm.dll+0x32a5f8]  (no source info available)
V  [jvm.dll+0x83d570]  (no source info available)
V  [jvm.dll+0x3c10d1]  (no source info available)
V  [jvm.dll+0x8264cc]  (no source info available)
V  [jvm.dll+0x45bd5e]  (no source info available)
V  [jvm.dll+0x45dbe1]  (no source info available)
C  [jli.dll+0x52a3]  (no source info available)
C  [ucrtbase.dll+0x29333]  (no source info available)
C  [KERNEL32.DLL+0x1257d]  (no source info available)
C  [ntdll.dll+0x5af08]  (no source info available)


---------------  P R O C E S S  ---------------

Threads class SMR info:
_java_thread_list=0x00007ffcc991c1c8, length=0, elements={
}

Java Threads: ( => current thread )
Total: 0

Other Threads:

=>0x000002501d165490 (exited) JavaThread "Unknown thread"    [_thread_in_vm, id=19188, stack(0x000000e8c5300000,0x000000e8c5400000) (1024K)]
Total: 1

Threads with active compile tasks:
Total: 0

VM state: not at safepoint (not fully initialized)

VM Mutex/Monitor currently owned by a thread: None

Heap address: 0x0000000000000000, size: 0 MB, Compressed Oops mode: 32-bit

CDS archive(s) mapped at: [0x0000000000000000-0x0000000000000000-0x0000000000000000), size 0, SharedBaseAddress: 0x0000000800000000, ArchiveRelocationMode: 1.
Narrow klass base: 0x0000000000000000, Narrow klass shift: 0, Narrow klass range: 0x0

GC Precious Log:
 CardTable entry size: 512
 Card Set container configuration: InlinePtr #cards 5 size 8 Array Of Cards #cards 12 size 40 Howl #buckets 4 coarsen threshold 1843 Howl Bitmap #cards 512 size 80 coarsen threshold 460 Card regions per heap region 1 cards per card region 2048

GC Heap History (0 events):
No events

Dll operation events (1 events):
Event: 0.080 Loaded shared library C:\Program Files\Java\jdk-22\bin\java.dll

Deoptimization events (0 events):
No events

Classes loaded (0 events):
No events

Classes unloaded (0 events):
No events

Classes redefined (0 events):
No events

Internal exceptions (0 events):
No events

ZGC Phase Switch (0 events):
No events

VM Operations (0 events):
No events

Memory protections (0 events):
No events

Nmethod flushes (0 events):
No events

Events (0 events):
No events


Dynamic libraries:
0x00007ff7a1f20000 - 0x00007ff7a1f30000 	C:\Program Files\Java\jdk-22\bin\java.exe
0x00007ffd20930000 - 0x00007ffd20b47000 	C:\WINDOWS\SYSTEM32\ntdll.dll
0x00007ffd1f910000 - 0x00007ffd1f9d4000 	C:\WINDOWS\System32\KERNEL32.DLL
0x00007ffd1def0000 - 0x00007ffd1e2a7000 	C:\WINDOWS\System32\KERNELBASE.dll
0x00007ffd1e3d0000 - 0x00007ffd1e4e1000 	C:\WINDOWS\System32\ucrtbase.dll
0x00007ffd01ac0000 - 0x00007ffd01ad7000 	C:\Program Files\Java\jdk-22\bin\jli.dll
0x00007ffd02ee0000 - 0x00007ffd02efb000 	C:\Program Files\Java\jdk-22\bin\VCRUNTIME140.dll
0x00007ffd1fdc0000 - 0x00007ffd1ff6f000 	C:\WINDOWS\System32\USER32.dll
0x00007ffd1e330000 - 0x00007ffd1e356000 	C:\WINDOWS\System32\win32u.dll
0x00007ffd11c70000 - 0x00007ffd11f03000 	C:\WINDOWS\WinSxS\amd64_microsoft.windows.common-controls_6595b64144ccf1df_6.0.22621.3672_none_2713b9d173822955\COMCTL32.dll
0x00007ffd1eaa0000 - 0x00007ffd1eac9000 	C:\WINDOWS\System32\GDI32.dll
0x00007ffd200d0000 - 0x00007ffd20177000 	C:\WINDOWS\System32\msvcrt.dll
0x00007ffd1dc70000 - 0x00007ffd1dd88000 	C:\WINDOWS\System32\gdi32full.dll
0x00007ffd1de50000 - 0x00007ffd1deea000 	C:\WINDOWS\System32\msvcp_win.dll
0x00007ffd1fd70000 - 0x00007ffd1fda1000 	C:\WINDOWS\System32\IMM32.DLL
0x00007ffd18e10000 - 0x00007ffd18e1c000 	C:\Program Files\Java\jdk-22\bin\vcruntime140_1.dll
0x00007ffcf9ad0000 - 0x00007ffcf9b5e000 	C:\Program Files\Java\jdk-22\bin\msvcp140.dll
0x00007ffcc8d30000 - 0x00007ffcc9a79000 	C:\Program Files\Java\jdk-22\bin\server\jvm.dll
0x00007ffd1e770000 - 0x00007ffd1e822000 	C:\WINDOWS\System32\ADVAPI32.dll
0x00007ffd1ead0000 - 0x00007ffd1eb78000 	C:\WINDOWS\System32\sechost.dll
0x00007ffd1dc40000 - 0x00007ffd1dc68000 	C:\WINDOWS\System32\bcrypt.dll
0x00007ffd207d0000 - 0x00007ffd208e4000 	C:\WINDOWS\System32\RPCRT4.dll
0x00007ffd20750000 - 0x00007ffd207c1000 	C:\WINDOWS\System32\WS2_32.dll
0x00007ffd1d5b0000 - 0x00007ffd1d5fd000 	C:\WINDOWS\SYSTEM32\POWRPROF.dll
0x00007ffd19190000 - 0x00007ffd191c4000 	C:\WINDOWS\SYSTEM32\WINMM.dll
0x00007ffd197e0000 - 0x00007ffd197ea000 	C:\WINDOWS\SYSTEM32\VERSION.dll
0x00007ffd1d4f0000 - 0x00007ffd1d503000 	C:\WINDOWS\SYSTEM32\UMPDC.dll
0x00007ffd1cc90000 - 0x00007ffd1cca8000 	C:\WINDOWS\SYSTEM32\kernel.appcore.dll
0x00007ffd133c0000 - 0x00007ffd133ca000 	C:\Program Files\Java\jdk-22\bin\jimage.dll
0x00007ffd1b690000 - 0x00007ffd1b8c2000 	C:\WINDOWS\SYSTEM32\DBGHELP.DLL
0x00007ffd1f9e0000 - 0x00007ffd1fd6e000 	C:\WINDOWS\System32\combase.dll
0x00007ffd204c0000 - 0x00007ffd20597000 	C:\WINDOWS\System32\OLEAUT32.dll
0x00007ffd13910000 - 0x00007ffd13942000 	C:\WINDOWS\SYSTEM32\dbgcore.DLL
0x00007ffd1e2b0000 - 0x00007ffd1e32b000 	C:\WINDOWS\System32\bcryptPrimitives.dll
0x00007ffd02540000 - 0x00007ffd0254f000 	C:\Program Files\Java\jdk-22\bin\instrument.dll
0x00007ffd01aa0000 - 0x00007ffd01abe000 	C:\Program Files\Java\jdk-22\bin\java.dll
0x00007ffd1ec00000 - 0x00007ffd1f469000 	C:\WINDOWS\System32\SHELL32.dll
0x00007ffd20180000 - 0x00007ffd20325000 	C:\WINDOWS\System32\ole32.dll

dbghelp: loaded successfully - version: 4.0.5 - missing functions: none
symbol engine: initialized successfully - sym options: 0x614 - pdb path: .;C:\Program Files\Java\jdk-22\bin;C:\WINDOWS\SYSTEM32;C:\WINDOWS\WinSxS\amd64_microsoft.windows.common-controls_6595b64144ccf1df_6.0.22621.3672_none_2713b9d173822955;C:\Program Files\Java\jdk-22\bin\server

VM Arguments:
jvm_args: -javaagent:C:\Program Files\JetBrains\IntelliJ IDEA Community Edition 2024.2.1\lib\idea_rt.jar=54765:C:\Program Files\JetBrains\IntelliJ IDEA Community Edition 2024.2.1\bin -Dfile.encoding=UTF-8 -Dsun.stdout.encoding=UTF-8 -Dsun.stderr.encoding=UTF-8 
java_command: WordGame
java_class_path (initial): C:\Users\User\IdeaProjects\WordGame.java\out\production\WordGame.java
Launcher Type: SUN_STANDARD

[Global flags]
     intx CICompilerCount                          = 4                                         {product} {ergonomic}
     uint ConcGCThreads                            = 2                                         {product} {ergonomic}
     uint G1ConcRefinementThreads                  = 8                                         {product} {ergonomic}
   size_t G1HeapRegionSize                         = 1048576                                   {product} {ergonomic}
   size_t InitialHeapSize                          = 130023424                                 {product} {ergonomic}
   size_t MarkStackSize                            = 4194304                                   {product} {ergonomic}
   size_t MaxHeapSize                              = 2078277632                                {product} {ergonomic}
   size_t MinHeapDeltaBytes                        = 1048576                                   {product} {ergonomic}
   size_t MinHeapSize                              = 8388608                                   {product} {ergonomic}
    uintx NonNMethodCodeHeapSize                   = 5839372                                {pd product} {ergonomic}
    uintx NonProfiledCodeHeapSize                  = 122909434                              {pd product} {ergonomic}
    uintx ProfiledCodeHeapSize                     = 122909434                              {pd product} {ergonomic}
    uintx ReservedCodeCacheSize                    = 251658240                              {pd product} {ergonomic}
     bool SegmentedCodeCache                       = true                                      {product} {ergonomic}
   size_t SoftMaxHeapSize                          = 2078277632                             {manageable} {ergonomic}
     bool UseCompressedOops                        = true                           {product lp64_product} {ergonomic}
     bool UseG1GC                                  = true                                      {product} {ergonomic}
     bool UseLargePagesIndividualAllocation        = false                                  {pd product} {ergonomic}

Logging:
Log output configuration:
 #0: stdout all=warning uptime,level,tags foldmultilines=false
 #1: stderr all=off uptime,level,tags foldmultilines=false

Environment Variables:
JAVA_HOME=C:\Program Files\Java\jdk-22
PATH=C:\Program Files\Common Files\Oracle\Java\javapath;C:\Program Files\Eclipse Adoptium\jdk-17.0.12.7-hotspot\bin;C:\Program Files\Eclipse Adoptium\jre-17.0.12.7-hotspot\bin;C:\Windows\system32;C:\Windows;C:\Windows\System32\Wbem;C:\Windows\System32\WindowsPowerShell\v1.0\;C:\Windows\System32\OpenSSH\;C:\Program Files (x86)\NVIDIA Corporation\PhysX\Common;C:\WINDOWS\system32;C:\WINDOWS;C:\WINDOWS\System32\Wbem;C:\WINDOWS\System32\WindowsPowerShell\v1.0\;C:\WINDOWS\System32\OpenSSH\;C:\Program Files\Git\cmd;C:\Program Files\Eclipse Adoptium\jre-17.0.12.7-hotspot\bin\java.exe;%JAVA_HOME;C:\Users\User\scoop\apps\nodejs\current\bin;C:\Users\User\scoop\apps\nodejs\current;C:\Users\User\scoop\shims;C:\Users\User\AppData\Local\Microsoft\WindowsApps;C:\Users\User\AppData\Local\Programs\Microsoft VS Code\bin;C:\Program Files\yt-dlp;C:\Program Files\Eclipse Adoptium\jdk-17.0.12.7-hotspot;
USERNAME=User
OS=Windows_NT
PROCESSOR_IDENTIFIER=Intel64 Family 6 Model 140 Stepping 1, GenuineIntel
TMP=C:\Users\User\AppData\Local\Temp
TEMP=C:\Users\User\AppData\Local\Temp




Periodic native trim disabled

---------------  S Y S T E M  ---------------

OS:
 Windows 11 , 64 bit Build 22621 (10.0.22621.3958)
OS uptime: 4 days 1:25 hours

CPU: total 8 (initial active 8) (4 cores per cpu, 2 threads per core) family 6 model 140 stepping 1 microcode 0xb8, cx8, cmov, fxsr, ht, mmx, 3dnowpref, sse, sse2, sse3, ssse3, sse4.1, sse4.2, popcnt, lzcnt, tsc, tscinvbit, avx, avx2, aes, erms, clmul, bmi1, bmi2, adx, avx512f, avx512dq, avx512cd, avx512bw, avx512vl, sha, fma, vzeroupper, avx512_vpopcntdq, avx512_vpclmulqdq, avx512_vaes, avx512_vnni, clflush, clflushopt, clwb, avx512_vbmi2, avx512_vbmi, rdtscp, rdpid, fsrm, gfni, avx512_bitalg, f16c, pku, cet_ibt, cet_ss, avx512_ifma
Processor Information for processor 0
  Max Mhz: 2419, Current Mhz: 2419, Mhz Limit: 2419
Processor Information for processor 1
  Max Mhz: 2419, Current Mhz: 2419, Mhz Limit: 2419
Processor Information for processor 2
  Max Mhz: 2419, Current Mhz: 1007, Mhz Limit: 2419
Processor Information for processor 3
  Max Mhz: 2419, Current Mhz: 2419, Mhz Limit: 2419
Processor Information for processor 4
  Max Mhz: 2419, Current Mhz: 2419, Mhz Limit: 2419
Processor Information for processor 5
  Max Mhz: 2419, Current Mhz: 1007, Mhz Limit: 2419
Processor Information for processor 6
  Max Mhz: 2419, Current Mhz: 2419, Mhz Limit: 2419
Processor Information for processor 7
  Max Mhz: 2419, Current Mhz: 2419, Mhz Limit: 2419

Memory: 4k page, system-wide physical 7926M (109M free)
TotalPageFile size 12022M (AvailPageFile size 3M)
current process WorkingSet (physical memory assigned to process): 11M, peak: 11M
current process commit charge ("private bytes"): 11M, peak: 12M

vm_info: Java HotSpot(TM) 64-Bit Server VM (22.0.2+9-70) for windows-amd64 JRE (22.0.2+9-70), built on 2024-06-04T16:52:23Z by "mach5one" with MS VC++ 17.6 (VS2022)

END.
