#
# There is insufficient memory for the Java Runtime Environment to continue.
# Native memory allocation (mmap) failed to map 130023424 bytes. Error detail: G1 virtual space
# Possible reasons:
#   The system is out of physical RAM or swap space
#   This process is running with CompressedOops enabled, and the Java Heap may be blocking the growth of the native heap
# Possible solutions:
#   Reduce memory load on the system
#   Increase physical memory or swap space
#   Check if swap backing store is full
#   Decrease Java heap size (-Xmx/-Xms)
#   Decrease number of Java threads
#   Decrease Java thread stack sizes (-Xss)
#   Set larger code cache with -XX:ReservedCodeCacheSize=
#   JVM is running with Unscaled Compressed Oops mode in which the Java heap is
#     placed in the first 4GB address space. The Java Heap base address is the
#     maximum limit for the native heap growth. Please use -XX:HeapBaseMinAddress
#     to set the Java Heap base and to place the Java Heap above 4GB virtual address.
# This output file may be truncated or incomplete.
#
#  Out of Memory Error (os_windows.cpp:3631), pid=2348, tid=19480
#
# JRE version:  (22.0.2+9) (build )
# Java VM: Java HotSpot(TM) 64-Bit Server VM (22.0.2+9-70, mixed mode, sharing, tiered, compressed oops, compressed class ptrs, g1 gc, windows-amd64)
# No core dump will be written. Minidumps are not enabled by default on client versions of Windows
#

---------------  S U M M A R Y ------------

Command Line: -javaagent:C:\Program Files\JetBrains\IntelliJ IDEA Community Edition 2024.2.1\lib\idea_rt.jar=57922:C:\Program Files\JetBrains\IntelliJ IDEA Community Edition 2024.2.1\bin -Dfile.encoding=UTF-8 -Dsun.stdout.encoding=UTF-8 -Dsun.stderr.encoding=UTF-8 CalculatorApp

Host: 11th Gen Intel(R) Core(TM) i5-1135G7 @ 2.40GHz, 8 cores, 7G,  Windows 11 , 64 bit Build 26100 (10.0.26100.3323)
Time: Sat Mar 15 21:40:03 2025 Eastern Daylight Time elapsed time: 1.213255 seconds (0d 0h 0m 1s)

---------------  T H R E A D  ---------------

Current thread (0x000001fadb239a80):  JavaThread "Unknown thread" [_thread_in_vm, id=19480, stack(0x0000003577300000,0x0000003577400000) (1024K)]

Stack: [0x0000003577300000,0x0000003577400000]
Native frames: (J=compiled Java code, j=interpreted, Vv=VM code, C=native code)
V  [jvm.dll+0x6e26e9]  (no source info available)
V  [jvm.dll+0x875753]  (no source info available)
V  [jvm.dll+0x877b7e]  (no source info available)
V  [jvm.dll+0x878253]  (no source info available)
V  [jvm.dll+0x27fc86]  (no source info available)
V  [jvm.dll+0x6ded85]  (no source info available)
V  [jvm.dll+0x6d388a]  (no source info available)
V  [jvm.dll+0x358b8a]  (no source info available)
V  [jvm.dll+0x3610b6]  (no source info available)
V  [jvm.dll+0x3b419e]  (no source info available)
V  [jvm.dll+0x3b4448]  (no source info available)
V  [jvm.dll+0x32c5ec]  (no source info available)
V  [jvm.dll+0x32d258]  (no source info available)
V  [jvm.dll+0x83d5ac]  (no source info available)
V  [jvm.dll+0x3c10d1]  (no source info available)
V  [jvm.dll+0x8264cc]  (no source info available)
V  [jvm.dll+0x45bd5e]  (no source info available)
V  [jvm.dll+0x45dbe1]  (no source info available)
C  [jli.dll+0x52a3]  (no source info available)
C  [ucrtbase.dll+0x37b0]  (no source info available)
C  [KERNEL32.DLL+0x2e8d7]  (no source info available)
C  [ntdll.dll+0xbbf6c]  (no source info available)


---------------  P R O C E S S  ---------------

Threads class SMR info:
_java_thread_list=0x00007ff9185ac1c8, length=0, elements={
}

Java Threads: ( => current thread )
Total: 0

Other Threads:
  0x000001fadcbe3fc0 WorkerThread "GC Thread#0"                     [id=18352, stack(0x0000003577400000,0x0000003577500000) (1024K)]
  0x000001fadcbf55a0 ConcurrentGCThread "G1 Main Marker"            [id=19336, stack(0x0000003577500000,0x0000003577600000) (1024K)]
  0x000001fadcbf5fc0 WorkerThread "G1 Conc#0"                       [id=12516, stack(0x0000003577600000,0x0000003577700000) (1024K)]

[error occurred during error reporting (printing all threads), id 0xc0000005, EXCEPTION_ACCESS_VIOLATION (0xc0000005) at pc=0x00007ff917cff517]
VM state: not at safepoint (not fully initialized)

VM Mutex/Monitor currently owned by a thread:  ([mutex/lock_event])
[0x00007ff91862cc80] Heap_lock - owner thread: 0x000001fadb239a80

Heap address: 0x0000000084200000, size: 1982 MB, Compressed Oops mode: 32-bit

CDS archive(s) mapped at: [0x0000000000000000-0x0000000000000000-0x0000000000000000), size 0, SharedBaseAddress: 0x0000000800000000, ArchiveRelocationMode: 1.
Narrow klass base: 0x0000000000000000, Narrow klass shift: 0, Narrow klass range: 0x0

GC Precious Log:
 CardTable entry size: 512
 Card Set container configuration: InlinePtr #cards 5 size 8 Array Of Cards #cards 12 size 40 Howl #buckets 4 coarsen threshold 1843 Howl Bitmap #cards 512 size 80 coarsen threshold 460 Card regions per heap region 1 cards per card region 2048

Heap:
 garbage-first heap   total reserved 2029568K, committed 0K, used 0K [0x0000000084200000, 0x0000000100000000)
  region size 1024K, 0 young (0K), 0 survivors (0K)

[error occurred during error reporting (printing heap information), id 0xc0000005, EXCEPTION_ACCESS_VIOLATION (0xc0000005) at pc=0x00007ff9180fe869]
GC Heap History (0 events):
No events

Dll operation events (1 events):
Event: 0.027 Loaded shared library C:\Program Files\Java\jdk-22\bin\java.dll

Deoptimization events (0 events):
No events

Classes loaded (0 events):
No events

Classes unloaded (0 events):
No events

Classes redefined (0 events):
No events

Internal exceptions (0 events):
No events

ZGC Phase Switch (0 events):
No events

VM Operations (0 events):
No events

Memory protections (0 events):
No events

Nmethod flushes (0 events):
No events

Events (0 events):
No events


Dynamic libraries:
0x00007ff73a070000 - 0x00007ff73a080000 	C:\Program Files\Java\jdk-22\bin\java.exe
0x00007ff9a01e0000 - 0x00007ff9a0443000 	C:\WINDOWS\SYSTEM32\ntdll.dll
0x00007ff99ed10000 - 0x00007ff99edd7000 	C:\WINDOWS\System32\KERNEL32.DLL
0x00007ff99d600000 - 0x00007ff99d9c9000 	C:\WINDOWS\System32\KERNELBASE.dll
0x00007ff99dc90000 - 0x00007ff99dddc000 	C:\WINDOWS\System32\ucrtbase.dll
0x00007ff995880000 - 0x00007ff99589b000 	C:\Program Files\Java\jdk-22\bin\VCRUNTIME140.dll
0x00007ff990100000 - 0x00007ff990117000 	C:\Program Files\Java\jdk-22\bin\jli.dll
0x00007ff99f090000 - 0x00007ff99f25a000 	C:\WINDOWS\System32\USER32.dll
0x00007ff99de80000 - 0x00007ff99dea7000 	C:\WINDOWS\System32\win32u.dll
0x00007ff9802b0000 - 0x00007ff980540000 	C:\WINDOWS\WinSxS\amd64_microsoft.windows.common-controls_6595b64144ccf1df_6.0.26100.3323_none_3e088096e3344490\COMCTL32.dll
0x00007ff99e480000 - 0x00007ff99e4aa000 	C:\WINDOWS\System32\GDI32.dll
0x00007ff99ef10000 - 0x00007ff99efb9000 	C:\WINDOWS\System32\msvcrt.dll
0x00007ff99db50000 - 0x00007ff99dc81000 	C:\WINDOWS\System32\gdi32full.dll
0x00007ff99d3e0000 - 0x00007ff99d483000 	C:\WINDOWS\System32\msvcp_win.dll
0x00007ff99f3b0000 - 0x00007ff99f3df000 	C:\WINDOWS\System32\IMM32.DLL
0x00007ff995970000 - 0x00007ff99597c000 	C:\Program Files\Java\jdk-22\bin\vcruntime140_1.dll
0x00007ff96a520000 - 0x00007ff96a5ae000 	C:\Program Files\Java\jdk-22\bin\msvcp140.dll
0x00007ff9179c0000 - 0x00007ff918709000 	C:\Program Files\Java\jdk-22\bin\server\jvm.dll
0x00007ff99efc0000 - 0x00007ff99f072000 	C:\WINDOWS\System32\ADVAPI32.dll
0x00007ff99e5b0000 - 0x00007ff99e656000 	C:\WINDOWS\System32\sechost.dll
0x00007ff99f290000 - 0x00007ff99f3a6000 	C:\WINDOWS\System32\RPCRT4.dll
0x00007ff99e320000 - 0x00007ff99e394000 	C:\WINDOWS\System32\WS2_32.dll
0x00007ff995c20000 - 0x00007ff995c2b000 	C:\WINDOWS\SYSTEM32\VERSION.dll
0x00007ff99c090000 - 0x00007ff99c0de000 	C:\WINDOWS\SYSTEM32\POWRPROF.dll
0x00007ff993500000 - 0x00007ff993536000 	C:\WINDOWS\SYSTEM32\WINMM.dll
0x00007ff99c070000 - 0x00007ff99c084000 	C:\WINDOWS\SYSTEM32\UMPDC.dll
0x00007ff99c310000 - 0x00007ff99c32a000 	C:\WINDOWS\SYSTEM32\kernel.appcore.dll
0x00007ff995950000 - 0x00007ff99595a000 	C:\Program Files\Java\jdk-22\bin\jimage.dll
0x00007ff99ad20000 - 0x00007ff99af61000 	C:\WINDOWS\SYSTEM32\DBGHELP.DLL
0x00007ff99e980000 - 0x00007ff99ed02000 	C:\WINDOWS\System32\combase.dll
0x00007ff99e3a0000 - 0x00007ff99e476000 	C:\WINDOWS\System32\OLEAUT32.dll
0x00007ff98ab40000 - 0x00007ff98ab79000 	C:\WINDOWS\SYSTEM32\dbgcore.DLL
0x00007ff99dde0000 - 0x00007ff99de79000 	C:\WINDOWS\System32\bcryptPrimitives.dll
0x00007ff98fc60000 - 0x00007ff98fc6f000 	C:\Program Files\Java\jdk-22\bin\instrument.dll
0x00007ff98fc70000 - 0x00007ff98fc8e000 	C:\Program Files\Java\jdk-22\bin\java.dll
0x00007ff99fa80000 - 0x00007ff9a0195000 	C:\WINDOWS\System32\SHELL32.dll
0x00007ff99d490000 - 0x00007ff99d5f8000 	C:\WINDOWS\System32\wintypes.dll
0x00007ff99e660000 - 0x00007ff99e7f5000 	C:\WINDOWS\System32\ole32.dll

dbghelp: loaded successfully - version: 4.0.5 - missing functions: none
symbol engine: initialized successfully - sym options: 0x614 - pdb path: .;C:\Program Files\Java\jdk-22\bin;C:\WINDOWS\SYSTEM32;C:\WINDOWS\WinSxS\amd64_microsoft.windows.common-controls_6595b64144ccf1df_6.0.26100.3323_none_3e088096e3344490;C:\Program Files\Java\jdk-22\bin\server

VM Arguments:
jvm_args: -javaagent:C:\Program Files\JetBrains\IntelliJ IDEA Community Edition 2024.2.1\lib\idea_rt.jar=57922:C:\Program Files\JetBrains\IntelliJ IDEA Community Edition 2024.2.1\bin -Dfile.encoding=UTF-8 -Dsun.stdout.encoding=UTF-8 -Dsun.stderr.encoding=UTF-8 
java_command: CalculatorApp
java_class_path (initial): C:\Users\User\IdeaProjects\Project-2GUI\out\production\Project-2GUI
Launcher Type: SUN_STANDARD

[Global flags]
     intx CICompilerCount                          = 4                                         {product} {ergonomic}
     uint ConcGCThreads                            = 2                                         {product} {ergonomic}
     uint G1ConcRefinementThreads                  = 8                                         {product} {ergonomic}
   size_t G1HeapRegionSize                         = 1048576                                   {product} {ergonomic}
   size_t InitialHeapSize                          = 130023424                                 {product} {ergonomic}
   size_t MarkStackSize                            = 4194304                                   {product} {ergonomic}
   size_t MaxHeapSize                              = 2078277632                                {product} {ergonomic}
   size_t MinHeapDeltaBytes                        = 1048576                                   {product} {ergonomic}
   size_t MinHeapSize                              = 8388608                                   {product} {ergonomic}
    uintx NonNMethodCodeHeapSize                   = 5839372                                {pd product} {ergonomic}
    uintx NonProfiledCodeHeapSize                  = 122909434                              {pd product} {ergonomic}
    uintx ProfiledCodeHeapSize                     = 122909434                              {pd product} {ergonomic}
    uintx ReservedCodeCacheSize                    = 251658240                              {pd product} {ergonomic}
     bool SegmentedCodeCache                       = true                                      {product} {ergonomic}
   size_t SoftMaxHeapSize                          = 2078277632                             {manageable} {ergonomic}
     bool UseCompressedOops                        = true                           {product lp64_product} {ergonomic}
     bool UseG1GC                                  = true                                      {product} {ergonomic}
     bool UseLargePagesIndividualAllocation        = false                                  {pd product} {ergonomic}

Logging:
Log output configuration:
 #0: stdout all=warning uptime,level,tags foldmultilines=false
 #1: stderr all=off uptime,level,tags foldmultilines=false

Environment Variables:
JAVA_HOME=C:\Program Files\Java\jdk-22
PATH=C:\Program Files\Common Files\Oracle\Java\javapath;C:\Program Files\Eclipse Adoptium\jdk-17.0.12.7-hotspot\bin;C:\Program Files\Eclipse Adoptium\jre-17.0.12.7-hotspot\bin;C:\Windows\system32;C:\Windows;C:\Windows\System32\Wbem;C:\Windows\System32\WindowsPowerShell\v1.0\;C:\Windows\System32\OpenSSH\;C:\Program Files (x86)\NVIDIA Corporation\PhysX\Common;C:\WINDOWS\system32;C:\WINDOWS;C:\WINDOWS\System32\Wbem;C:\WINDOWS\System32\WindowsPowerShell\v1.0\;C:\WINDOWS\System32\OpenSSH\;C:\Program Files\Eclipse Adoptium\jre-17.0.12.7-hotspot\bin\java.exe;%JAVA_HOME;C:\Program Files\Git\cmd;C:\Program Files\TortoiseGit\bin;C:\Users\User\scoop\apps\nodejs\current\bin;C:\Users\User\scoop\apps\nodejs\current;C:\Users\User\scoop\shims;C:\Users\User\AppData\Local\Microsoft\WindowsApps;C:\Program Files\yt-dlp;C:\Program Files\Eclipse Adoptium\jdk-17.0.12.7-hotspot;;C:\Users\User\AppData\Local\Microsoft\WindowsApps;C:\Users\User\AppData\Local\Programs\Microsoft VS Code\bin
USERNAME=User
OS=Windows_NT
PROCESSOR_IDENTIFIER=Intel64 Family 6 Model 140 Stepping 1, GenuineIntel
TMP=C:\Users\User\AppData\Local\Temp
TEMP=C:\Users\User\AppData\Local\Temp




Periodic native trim disabled

---------------  S Y S T E M  ---------------

OS:
 Windows 11 , 64 bit Build 26100 (10.0.26100.3323)
OS uptime: 3 days 8:09 hours

CPU: total 8 (initial active 8) (4 cores per cpu, 2 threads per core) family 6 model 140 stepping 1 microcode 0xba, cx8, cmov, fxsr, ht, mmx, 3dnowpref, sse, sse2, sse3, ssse3, sse4.1, sse4.2, popcnt, lzcnt, tsc, tscinvbit, avx, avx2, aes, erms, clmul, bmi1, bmi2, adx, avx512f, avx512dq, avx512cd, avx512bw, avx512vl, sha, fma, vzeroupper, avx512_vpopcntdq, avx512_vpclmulqdq, avx512_vaes, avx512_vnni, clflush, clflushopt, clwb, avx512_vbmi2, avx512_vbmi, rdtscp, rdpid, fsrm, gfni, avx512_bitalg, f16c, pku, cet_ibt, cet_ss, avx512_ifma
Processor Information for processor 0
  Max Mhz: 2419, Current Mhz: 2419, Mhz Limit: 2419
Processor Information for processor 1
  Max Mhz: 2419, Current Mhz: 2419, Mhz Limit: 2419
Processor Information for processor 2
  Max Mhz: 2419, Current Mhz: 1007, Mhz Limit: 2419
Processor Information for processor 3
  Max Mhz: 2419, Current Mhz: 1007, Mhz Limit: 2419
Processor Information for processor 4
  Max Mhz: 2419, Current Mhz: 2419, Mhz Limit: 2419
Processor Information for processor 5
  Max Mhz: 2419, Current Mhz: 1007, Mhz Limit: 2419
Processor Information for processor 6
  Max Mhz: 2419, Current Mhz: 2419, Mhz Limit: 2419
Processor Information for processor 7
  Max Mhz: 2419, Current Mhz: 2419, Mhz Limit: 2419

Memory: 4k page, system-wide physical 7926M (934M free)
TotalPageFile size 12022M (AvailPageFile size 15M)
current process WorkingSet (physical memory assigned to process): 13M, peak: 13M
current process commit charge ("private bytes"): 60M, peak: 184M

vm_info: Java HotSpot(TM) 64-Bit Server VM (22.0.2+9-70) for windows-amd64 JRE (22.0.2+9-70), built on 2024-06-04T16:52:23Z by "mach5one" with MS VC++ 17.6 (VS2022)

END.
